<?xml version="1.0" encoding="UTF-8" ?>
<testsuite errors="0" failures="0" hostname="ADITYAs-MacBook-Pro.local" name="test.DomainTest" tests="1" time="0.36" timestamp="2013-10-12T07:35:05">
  <properties>
[...]
</properties>
  <testcase classname="test.DomainTest" name="domainTest" time="0.334" />
  <system-out><![CDATA[[EL Info]: 2013-10-12 02:35:02.11--ServerSession(385256851)--EclipseLink, version: Eclipse Persistence Services - 2.5.0.v20130507-3faac2b
[EL Info]: connection: 2013-10-12 02:35:02.397--ServerSession(385256851)--file:/Users/Tejal/Documents/Tejal/Fall 2013/ITM 515/MP1/Tgajare MP2 Domain/build/classes/_Tgajare_MP2_DomainPU login successful

Designer: Guccio Gucci owns Brand Gucci

Customer: Tejal Gajare placed the following Orders:
***********************************************************************************************
	Order ID:1
***********************************************************************************************
Date:			Fri May 11 00:00:00 CDT 2012
Time:			Fri May 11 12:15:00 CDT 2012
Shipping Address:	3001 S Michigan Ave 1204 Chicago IL 60616 USA 
------------------------------------------------------------------------------------------------
Products for Order:1
------------------------------------------------------------------------------------------------
2	Tunic	Plum Color	30.0	Designer {id=4, firstName=Blair, lastName=Waldorf}

4	Top	Deep Sea Green Color	20.0	Designer {id=5, firstName=Giorgio, lastName=Armani}

3	Dress	Black Color	50.0	Designer {id=1, firstName=Calvin, lastName=Klein}

***********************************************************************************************
	Order ID:3
***********************************************************************************************
Date:			Mon Jun 02 00:00:00 CDT 2008
Time:			Mon Jun 02 02:27:00 CDT 2008
Shipping Address:	1120 N Lasalle Blvd 5P Chicago IL 60610 USA 
------------------------------------------------------------------------------------------------
Products for Order:3
------------------------------------------------------------------------------------------------
5	Capri	Black	10.0	Designer {id=6, firstName=Christian, lastName=Dior}

1	Shirt	Coral	30.0	Designer {id=3, firstName=Guccio, lastName=Gucci}

]]></system-out>
  <system-err><![CDATA[]]></system-err>
</testsuite>
